build/app/outputs/mapping/release/seeds.txt
th.go.nasancity.MainActivity
th.go.nasancity.MainActivity: MainActivity()
...
com.linecorp.flutter_line_sdk.R$style: int Base_Widget_AppCompat_ActivityChooserView
com.linecorp.linesdk.LineApiError: com.linecorp.linesdk.LineApiError DEFAULT
com.linecorp.linesdk.R$drawable: int abc_scrubber_track_mtrl_alpha
com.linecorp.flutter_line_sdk.R$id: int parent_matrix
com.linecorp.flutter_line_sdk.R$menu: int menu_profile_info
com.linecorp.flutter_line_sdk.R$styleable: int MenuItem_android_enabled
com.google.android.material.internal.ParcelableSparseArray: android.os.Parcelable$Creator CREATOR
com.linecorp.flutter_line_sdk.R$dimen: int abc_switch_padding
io.jsonwebtoken.JwsHeader: java.lang.String JWK_SET_URL
io.jsonwebtoken.io.ExceptionPropagatingEncoder: io.jsonwebtoken.io.Encoder encoder
com.linecorp.flutter_line_sdk.R$styleable: int ConstraintSet_android_layout_marginBottom
com.linecorp.flutter_line_sdk.R$layout: int design_navigation_menu_item
com.linecorp.linesdk.auth.LineAuthenticationParams$BotPrompt: com.linecorp.linesdk.auth.LineAuthenticationParams$BotPrompt normal
com.linecorp.linesdk.R$color: int highlighted_text_material_light
com.linecorp.linesdk.R$drawable: int abc_textfield_default_mtrl_alpha
com.dexterous.flutterlocalnotifications.models.styles.MessagingStyleInformation: java.util.ArrayList messages
com.linecorp.flutter_line_sdk.R$drawable: int abc_switch_thumb_material
com.linecorp.flutter_line_sdk.R$color: int design_fab_shadow_mid_color
com.linecorp.flutter_line_sdk.R$layout: int design_navigation_menu
com.linecorp.flutter_line_sdk.R$attr: int layout_goneMarginRight
com.linecorp.flutter_line_sdk.FlutterLineSdkPlugin: android.app.Activity activity
com.linecorp.flutter_line_sdk.R$styleable: int AppCompatTheme_listPreferredItemHeightLarge
com.linecorp.linesdk.openchat.ui.CreateOpenChatActivity$initViewModel$3: com.linecorp.linesdk.openchat.ui.CreateOpenChatActivity this$0
com.dexterous.flutterlocalnotifications.models.styles.BigPictureStyleInformation: com.dexterous.flutterlocalnotifications.BitmapSource bigPictureBitmapSource
com.linecorp.flutter_line_sdk.R$styleable: int MenuView_preserveIconSpacing
com.google.android.gms.internal.measurement.zzcq: com.google.android.gms.internal.measurement.zzcq zzn
com.linecorp.flutter_line_sdk.R$styleable: int Chip_chipIconVisible
com.linecorp.flutter_line_sdk.R$dimen: int subtitle_shadow_radius
com.linecorp.flutter_line_sdk.R$styleable: int AnimatedStateListDrawableCompat_android_visible
com.linecorp.flutter_line_sdk.R$styleable: int FlowLayout_itemSpacing
com.google.android.gms.internal.measurement.zzdt: com.google.android.gms.internal.measurement.zzdt zzg
com.linecorp.flutter_line_sdk.R$styleable: int ConstraintSet_layout_constraintWidth_min
com.linecorp.flutter_line_sdk.R$anim: int btn_checkbox_to_unchecked_box_inner_merged_animation
com.linecorp.flutter_line_sdk.R$styleable: int AppCompatTheme_colorError
com.linecorp.linesdk.LineApiError: int httpResponseCode
com.linecorp.flutter_line_sdk.R$attr: int chipStrokeColor
org.threeten.bp.OffsetTime: long serialVersionUID
com.linecorp.flutter_line_sdk.R$styleable: int AppCompatTheme_checkboxStyle
io.jsonwebtoken.io.Base64: char[] BASE64URL_ALPHABET
com.linecorp.flutter_line_sdk.R$color: int abc_hint_foreground_material_dark
com.linecorp.linesdk.R$id: int tabLayout
com.linecorp.flutter_line_sdk.R$id: int accessibility_custom_action_5
com.linecorp.flutter_line_sdk.R$style: int Theme_MaterialComponents_Light_DarkActionBar_Bridge
com.linecorp.linesdk.auth.internal.BrowserAuthenticationApi$Request: android.content.Intent intent
com.linecorp.linesdk.R$color: int abc_color_highlight_material
com.linecorp.flutter_line_sdk.R$dimen: int abc_text_size_small_material
com.linecorp.flutter_line_sdk.R$style: int Widget_AppCompat_ActionBar_TabView
io.flutter.embedding.android.FlutterSplashView$SavedState: android.os.Parcelable$Creator CREATOR
io.jsonwebtoken.SignatureAlgorithm: io.jsonwebtoken.SignatureAlgorithm RS512