build/app/outputs/mapping/release/mapping.txt
# compiler: R8
# compiler_version: 1.5.68
# min_api: 21
# pg_map_id: ae3edf4
...
com.facebook.internal.instrument.errorreport.ErrorReportHandler$2 -> com.facebook.internal.z.e.b$b:
    java.util.ArrayList val$validReports -> a
    void onCompleted(com.facebook.GraphResponse) -> a
com.facebook.internal.instrument.errorreport.ErrorReportHandler$3 -> com.facebook.internal.z.e.b$c:
com.facebook.internal.security.CertificateUtil -> com.facebook.internal.a0.a:
    java.lang.String getCertificateHash(android.content.Context) -> a
com.facebook.login.CustomTabLoginMethodHandler -> com.facebook.login.CustomTabLoginMethodHandler:
    java.lang.String expectedChallenge -> W
    java.lang.String currentPackage -> V
    java.lang.String validRedirectURI -> X
    java.lang.String[] CHROME_PACKAGES -> Y
    boolean onActivityResult(int,int,android.content.Intent) -> a
    void onCustomTabComplete(java.lang.String,com.facebook.login.LoginClient$Request) -> a
    void putChallengeParam(org.json.JSONObject) -> a
    boolean tryAuthorize(com.facebook.login.LoginClient$Request) -> a
    boolean validateChallengeParam(android.os.Bundle) -> a
    java.lang.String getNameForLogging() -> b
    java.lang.String getRedirectUrl() -> d
    java.lang.String getSSODevice() -> e
    com.facebook.AccessTokenSource getTokenSource() -> f
    java.lang.String getChromePackage() -> g
    java.lang.String getDefaultRedirectURI() -> h
    java.lang.String getDeveloperDefinedRedirectURI() -> i
    boolean isCustomTabsAllowed() -> j
com.facebook.login.CustomTabLoginMethodHandler$1 -> com.facebook.login.CustomTabLoginMethodHandler$a:
com.facebook.login.DefaultAudience -> com.facebook.login.a:
    com.facebook.login.DefaultAudience[] $VALUES -> X
    com.facebook.login.DefaultAudience ONLY_ME -> U
    com.facebook.login.DefaultAudience NONE -> T
    com.facebook.login.DefaultAudience EVERYONE -> W
    com.facebook.login.DefaultAudience FRIENDS -> V
    java.lang.String nativeProtocolAudience -> S
    java.lang.String getNativeProtocolAudience() -> c
com.facebook.login.DeviceAuthDialog -> com.facebook.login.DeviceAuthDialog:
    android.app.Dialog dialog -> l0
    java.util.concurrent.atomic.AtomicBoolean completed -> h0
    android.view.View progressBar -> d0
    com.facebook.login.LoginClient$Request mRequest -> o0
    com.facebook.login.DeviceAuthDialog$RequestState currentRequestState -> k0
    boolean isBeingDestroyed -> m0
    boolean isRetry -> n0
    android.widget.TextView instructions -> f0
    com.facebook.login.DeviceAuthMethodHandler deviceAuthMethodHandler -> g0
    android.widget.TextView confirmationCode -> e0
    com.facebook.GraphRequestAsyncTask currentGraphRequestPoll -> i0
    java.util.concurrent.ScheduledFuture scheduledPoll -> j0
    void onDestroy() -> Q
    boolean access$000(com.facebook.login.DeviceAuthDialog) -> a
    void access$100(com.facebook.login.DeviceAuthDialog,com.facebook.login.DeviceAuthDialog$RequestState) -> a
    boolean access$1002(com.facebook.login.DeviceAuthDialog,boolean) -> a
    void access$1100(com.facebook.login.DeviceAuthDialog,java.lang.String,com.facebook.internal.Utility$PermissionsLists,java.lang.String,java.lang.String,java.util.Date,java.util.Date) -> a
    void access$700(com.facebook.login.DeviceAuthDialog,java.lang.String,java.lang.Long,java.lang.Long) -> a
    void access$900(com.facebook.login.DeviceAuthDialog,java.lang.String,com.facebook.internal.Utility$PermissionsLists,java.lang.String,java.util.Date,java.util.Date) -> a
com.facebook.login.DeviceAuthDialog$1 -> com.facebook.login.DeviceAuthDialog$a:
    com.facebook.login.DeviceAuthDialog this$0 -> a
    void onCompleted(com.facebook.GraphResponse) -> a
com.facebook.login.DeviceAuthDialog$2 -> com.facebook.login.DeviceAuthDialog$b:
    com.facebook.login.DeviceAuthDialog this$0 -> S
com.facebook.login.DeviceAuthDialog$3 -> com.facebook.login.DeviceAuthDialog$c:
    com.facebook.login.DeviceAuthDialog this$0 -> S