build/app/outputs/mapping/release/usage.txt
th.go.nasancity.Application
th.go.nasancity.BuildConfig
th.go.nasancity.FirebaseCloudMessagingPluginRegistrant
th.go.nasancity.R$anim
th.go.nasancity.R$animator
th.go.nasancity.R$attr
th.go.nasancity.R$bool
th.go.nasancity.R$color
th.go.nasancity.R$dimen
th.go.nasancity.R$drawable
th.go.nasancity.R$id
th.go.nasancity.R$integer
th.go.nasancity.R$interpolator
th.go.nasancity.R$layout
th.go.nasancity.R$menu
th.go.nasancity.R$mipmap
th.go.nasancity.R$string
th.go.nasancity.R$style
th.go.nasancity.R$styleable
th.go.nasancity.R$xml
th.go.nasancity.R
...
kotlin.collections.ByteIterator
kotlin.collections.CharIterator
kotlin.collections.CollectionsKt:
    private void <init>()
kotlin.collections.CollectionsKt__CollectionsJVMKt:
    public void <init>()
    private static final int checkCountOverflow(int)
    private static final int checkIndexOverflow(int)
    private static final java.lang.Object[] copyToArrayImpl(java.util.Collection)
    private static final java.lang.Object[] copyToArrayImpl(java.util.Collection,java.lang.Object[])
    public static final java.lang.Object[] copyToArrayOfAny(java.lang.Object[],boolean)
    private static final java.util.List toList(java.util.Enumeration)
kotlin.collections.CollectionsKt__CollectionsKt$binarySearchBy$1
kotlin.collections.CollectionsKt__CollectionsKt:
    public void <init>()
    private static final java.util.List List(int,kotlin.jvm.functions.Function1)
    private static final java.util.List MutableList(int,kotlin.jvm.functions.Function1)
    private static final java.util.ArrayList arrayListOf()
    public static final varargs java.util.ArrayList arrayListOf(java.lang.Object[])
    public static final java.util.Collection asCollection(java.lang.Object[])
    public static final int binarySearch(java.util.List,int,int,kotlin.jvm.functions.Function1)
    public static final int binarySearch(java.util.List,java.lang.Comparable,int,int)
    public static final int binarySearch(java.util.List,java.lang.Object,java.util.Comparator,int,int)
    public static synthetic int binarySearch$default(java.util.List,int,int,kotlin.jvm.functions.Function1,int,java.lang.Object)
    public static synthetic int binarySearch$default(java.util.List,java.lang.Comparable,int,int,int,java.lang.Object)
    public static synthetic int binarySearch$default(java.util.List,java.lang.Object,java.util.Comparator,int,int,int,java.lang.Object)
    public static final int binarySearchBy(java.util.List,java.lang.Comparable,int,int,kotlin.jvm.functions.Function1)
    public static synthetic int binarySearchBy$default(java.util.List,java.lang.Comparable,int,int,kotlin.jvm.functions.Function1,int,java.lang.Object)
    private static final boolean containsAll(java.util.Collection,java.util.Collection)
kotlin.collections.CollectionsKt__IterablesKt$Iterable$1
kotlin.collections.CollectionsKt__IterablesKt:
    public void <init>()
    private static final java.lang.Iterable Iterable(kotlin.jvm.functions.Function0)
    public static final int collectionSizeOrDefault(java.lang.Iterable,int)
    public static final java.lang.Integer collectionSizeOrNull(java.lang.Iterable)
    public static final java.util.Collection convertToSetForSetOperation(java.lang.Iterable)
    public static final java.util.Collection convertToSetForSetOperationWith(java.lang.Iterable,java.lang.Iterable)
    public static final java.util.List flatten(java.lang.Iterable)
    private static final boolean safeToConvertToSet$CollectionsKt__IterablesKt(java.util.Collection)
    public static final kotlin.Pair unzip(java.lang.Iterable)
kotlin.collections.CollectionsKt__IteratorsJVMKt$iterator$1
kotlin.collections.CollectionsKt__IteratorsJVMKt:
    public void <init>()
    public static final java.util.Iterator iterator(java.util.Enumeration)
kotlin.collections.CollectionsKt__IteratorsKt:
    public void <init>()
    public static final void forEach(java.util.Iterator,kotlin.jvm.functions.Function1)
    private static final java.util.Iterator iterator(java.util.Iterator)
    public static final java.util.Iterator withIndex(java.util.Iterator)